# JRE version: Java(TM) SE Runtime Environment (8.0_151-b12) (build 1.8.0_151-b12)
# Java VM: Java HotSpot(TM) 64-Bit Server VM (25.151-b12 mixed mode linux-amd64 compressed oops)
Heap:
 PSYoungGen      total 81920K, used 74411K [0x00000000eab00000, 0x00000000f3e80000, 0x0000000100000000)
  eden space 77824K, 95% used [0x00000000eab00000,0x00000000ef3aaf10,0x00000000ef700000)
  from space 4096K, 0% used [0x00000000f0900000,0x00000000f0900000,0x00000000f0d00000)
  to   space 18432K, 0% used [0x00000000ef700000,0x00000000ef700000,0x00000000f0900000)
 ParOldGen       total 168960K, used 27198K [0x00000000c0000000, 0x00000000ca500000, 0x00000000eab00000)
  object space 168960K, 16% used [0x00000000c0000000,0x00000000c1a8f978,0x00000000ca500000)
 Metaspace       used 42310K, capacity 42700K, committed 42880K, reserved 1085440K
  class space    used 6104K, capacity 6240K, committed 6272K, reserved 1048576K
GC Heap History (10 events):
Event: 1.568 GC heap before
{Heap before GC invocations=4 (full 1):
 PSYoungGen      total 53760K, used 5823K [0x00000000eab00000, 0x00000000f1400000, 0x0000000100000000)
  eden space 46080K, 0% used [0x00000000eab00000,0x00000000eab00000,0x00000000ed800000)
  from space 7680K, 75% used [0x00000000ed800000,0x00000000eddafdb0,0x00000000edf80000)
  to   space 7680K, 0% used [0x00000000f0c80000,0x00000000f0c80000,0x00000000f1400000)
 ParOldGen       total 122880K, used 657K [0x00000000c0000000, 0x00000000c7800000, 0x00000000eab00000)
  object space 122880K, 0% used [0x00000000c0000000,0x00000000c00a45a8,0x00000000c7800000)
 Metaspace       used 21004K, capacity 21114K, committed 21296K, reserved 1067008K
  class space    used 2828K, capacity 2883K, committed 2944K, reserved 1048576K
Event: 1.626 GC heap after
Heap after GC invocations=4 (full 1):
 PSYoungGen      total 53760K, used 0K [0x00000000eab00000, 0x00000000f1400000, 0x0000000100000000)
  eden space 46080K, 0% used [0x00000000eab00000,0x00000000eab00000,0x00000000ed800000)
  from space 7680K, 0% used [0x00000000ed800000,0x00000000ed800000,0x00000000edf80000)
  to   space 7680K, 0% used [0x00000000f0c80000,0x00000000f0c80000,0x00000000f1400000)
 ParOldGen       total 85504K, used 5595K [0x00000000c0000000, 0x00000000c5380000, 0x00000000eab00000)
  object space 85504K, 6% used [0x00000000c0000000,0x00000000c0576c48,0x00000000c5380000)
 Metaspace       used 21004K, capacity 21114K, committed 21296K, reserved 1067008K
  class space    used 2828K, capacity 2883K, committed 2944K, reserved 1048576K
}
Event: 2.294 GC heap before
{Heap before GC invocations=5 (full 1):
 PSYoungGen      total 53760K, used 46080K [0x00000000eab00000, 0x00000000f1400000, 0x0000000100000000)
  eden space 46080K, 100% used [0x00000000eab00000,0x00000000ed800000,0x00000000ed800000)
  from space 7680K, 0% used [0x00000000ed800000,0x00000000ed800000,0x00000000edf80000)
  to   space 7680K, 0% used [0x00000000f0c80000,0x00000000f0c80000,0x00000000f1400000)
 ParOldGen       total 85504K, used 5595K [0x00000000c0000000, 0x00000000c5380000, 0x00000000eab00000)
  object space 85504K, 6% used [0x00000000c0000000,0x00000000c0576c48,0x00000000c5380000)
 Metaspace       used 25380K, capacity 25606K, committed 25856K, reserved 1071104K
  class space    used 3456K, capacity 3525K, committed 3584K, reserved 1048576K
Event: 2.299 GC heap after
Heap after GC invocations=5 (full 1):
 PSYoungGen      total 62976K, used 4348K [0x00000000eab00000, 0x00000000f1100000, 0x0000000100000000)
  eden space 58368K, 0% used [0x00000000eab00000,0x00000000eab00000,0x00000000ee400000)
  from space 4608K, 94% used [0x00000000f0c80000,0x00000000f10bf258,0x00000000f1100000)
  to   space 7680K, 0% used [0x00000000f0200000,0x00000000f0200000,0x00000000f0980000)
 ParOldGen       total 85504K, used 5603K [0x00000000c0000000, 0x00000000c5380000, 0x00000000eab00000)
  object space 85504K, 6% used [0x00000000c0000000,0x00000000c0578c48,0x00000000c5380000)
 Metaspace       used 25380K, capacity 25606K, committed 25856K, reserved 1071104K
  class space    used 3456K, capacity 3525K, committed 3584K, reserved 1048576K
}
Event: 2.830 GC heap before
{Heap before GC invocations=6 (full 1):
 PSYoungGen      total 62976K, used 62716K [0x00000000eab00000, 0x00000000f1100000, 0x0000000100000000)
  eden space 58368K, 100% used [0x00000000eab00000,0x00000000ee400000,0x00000000ee400000)
  from space 4608K, 94% used [0x00000000f0c80000,0x00000000f10bf258,0x00000000f1100000)
  to   space 7680K, 0% used [0x00000000f0200000,0x00000000f0200000,0x00000000f0980000)
 ParOldGen       total 85504K, used 5603K [0x00000000c0000000, 0x00000000c5380000, 0x00000000eab00000)
  object space 85504K, 6% used [0x00000000c0000000,0x00000000c0578c48,0x00000000c5380000)
 Metaspace       used 30860K, capacity 31106K, committed 31360K, reserved 1077248K
  class space    used 4287K, capacity 4371K, committed 4480K, reserved 1048576K
Event: 2.845 GC heap after
Heap after GC invocations=6 (full 1):
 PSYoungGen      total 83456K, used 6714K [0x00000000eab00000, 0x00000000f0d00000, 0x0000000100000000)
  eden space 76288K, 0% used [0x00000000eab00000,0x00000000eab00000,0x00000000ef580000)
  from space 7168K, 93% used [0x00000000f0200000,0x00000000f088ea10,0x00000000f0900000)
  to   space 4096K, 0% used [0x00000000f0900000,0x00000000f0900000,0x00000000f0d00000)
 ParOldGen       total 85504K, used 5603K [0x00000000c0000000, 0x00000000c5380000, 0x00000000eab00000)
  object space 85504K, 6% used [0x00000000c0000000,0x00000000c0578c48,0x00000000c5380000)
 Metaspace       used 30860K, capacity 31106K, committed 31360K, reserved 1077248K
  class space    used 4287K, capacity 4371K, committed 4480K, reserved 1048576K
}
Event: 3.377 GC heap before
{Heap before GC invocations=7 (full 1):
 PSYoungGen      total 83456K, used 73409K [0x00000000eab00000, 0x00000000f0d00000, 0x0000000100000000)
  eden space 76288K, 87% used [0x00000000eab00000,0x00000000eec21c70,0x00000000ef580000)
  from space 7168K, 93% used [0x00000000f0200000,0x00000000f088ea10,0x00000000f0900000)
  to   space 4096K, 0% used [0x00000000f0900000,0x00000000f0900000,0x00000000f0d00000)
 ParOldGen       total 85504K, used 5603K [0x00000000c0000000, 0x00000000c5380000, 0x00000000eab00000)
  object space 85504K, 6% used [0x00000000c0000000,0x00000000c0578c48,0x00000000c5380000)
 Metaspace       used 35050K, capacity 35336K, committed 35456K, reserved 1079296K
  class space    used 4872K, capacity 4982K, committed 4992K, reserved 1048576K
Event: 3.432 GC heap after
Heap after GC invocations=7 (full 1):
 PSYoungGen      total 81920K, used 4089K [0x00000000eab00000, 0x00000000f3e80000, 0x0000000100000000)
  eden space 77824K, 0% used [0x00000000eab00000,0x00000000eab00000,0x00000000ef700000)
  from space 4096K, 99% used [0x00000000f0900000,0x00000000f0cfe4e8,0x00000000f0d00000)
  to   space 18432K, 0% used [0x00000000ef700000,0x00000000ef700000,0x00000000f0900000)
 ParOldGen       total 85504K, used 25244K [0x00000000c0000000, 0x00000000c5380000, 0x00000000eab00000)
  object space 85504K, 29% used [0x00000000c0000000,0x00000000c18a71a0,0x00000000c5380000)
 Metaspace       used 35050K, capacity 35336K, committed 35456K, reserved 1079296K
  class space    used 4872K, capacity 4982K, committed 4992K, reserved 1048576K
}
Event: 3.432 GC heap before
{Heap before GC invocations=8 (full 2):
 PSYoungGen      total 81920K, used 4089K [0x00000000eab00000, 0x00000000f3e80000, 0x0000000100000000)
  eden space 77824K, 0% used [0x00000000eab00000,0x00000000eab00000,0x00000000ef700000)
  from space 4096K, 99% used [0x00000000f0900000,0x00000000f0cfe4e8,0x00000000f0d00000)
  to   space 18432K, 0% used [0x00000000ef700000,0x00000000ef700000,0x00000000f0900000)
 ParOldGen       total 85504K, used 25244K [0x00000000c0000000, 0x00000000c5380000, 0x00000000eab00000)
  object space 85504K, 29% used [0x00000000c0000000,0x00000000c18a71a0,0x00000000c5380000)
 Metaspace       used 35050K, capacity 35336K, committed 35456K, reserved 1079296K
  class space    used 4872K, capacity 4982K, committed 4992K, reserved 1048576K
Event: 3.611 GC heap after
Heap after GC invocations=8 (full 2):
 PSYoungGen      total 81920K, used 0K [0x00000000eab00000, 0x00000000f3e80000, 0x0000000100000000)
  eden space 77824K, 0% used [0x00000000eab00000,0x00000000eab00000,0x00000000ef700000)
  from space 4096K, 0% used [0x00000000f0900000,0x00000000f0900000,0x00000000f0d00000)
  to   space 18432K, 0% used [0x00000000ef700000,0x00000000ef700000,0x00000000f0900000)
 ParOldGen       total 168960K, used 27198K [0x00000000c0000000, 0x00000000ca500000, 0x00000000eab00000)
  object space 168960K, 16% used [0x00000000c0000000,0x00000000c1a8f978,0x00000000ca500000)
 Metaspace       used 35050K, capacity 35336K, committed 35456K, reserved 1079296K
  class space    used 4872K, capacity 4982K, committed 4992K, reserved 1048576K
}

