# JRE version: Java(TM) SE Runtime Environment (8.0_211-b12) (build 1.8.0_211-b12)
# Java VM: Java HotSpot(TM) 64-Bit Server VM (25.211-b12 mixed mode linux-amd64 compressed oops)
Heap:
 PSYoungGen      total 434688K, used 414148K [0x00000000d5580000, 0x00000000fc280000, 0x0000000100000000)
  eden space 401920K, 94% used [0x00000000d5580000,0x00000000ec9f4fd8,0x00000000ede00000)
  from space 32768K, 99% used [0x00000000ede00000,0x00000000efdfc250,0x00000000efe00000)
  to   space 44032K, 0% used [0x00000000f9780000,0x00000000f9780000,0x00000000fc280000)
 ParOldGen       total 226304K, used 87722K [0x0000000080000000, 0x000000008dd00000, 0x00000000d5580000)
  object space 226304K, 38% used [0x0000000080000000,0x00000000855aa9f0,0x000000008dd00000)
 Metaspace       used 75607K, capacity 76646K, committed 76760K, reserved 1114112K
  class space    used 11252K, capacity 11512K, committed 11520K, reserved 1048576K
GC Heap History (10 events):
Event: 29.837 GC heap before
{Heap before GC invocations=14 (full 3):
 PSYoungGen      total 239104K, used 237295K [0x00000000d5580000, 0x00000000e4f00000, 0x0000000100000000)
  eden space 228864K, 99% used [0x00000000d5580000,0x00000000e344efa0,0x00000000e3500000)
  from space 10240K, 89% used [0x00000000e4500000,0x00000000e4dece10,0x00000000e4f00000)
  to   space 13312K, 0% used [0x00000000e3500000,0x00000000e3500000,0x00000000e4200000)
 ParOldGen       total 226304K, used 18012K [0x0000000080000000, 0x000000008dd00000, 0x00000000d5580000)
  object space 226304K, 7% used [0x0000000080000000,0x0000000081197290,0x000000008dd00000)
 Metaspace       used 72112K, capacity 72946K, committed 73048K, reserved 1112064K
  class space    used 10803K, capacity 11060K, committed 11136K, reserved 1048576K
Event: 29.841 GC heap after
Heap after GC invocations=14 (full 3):
 PSYoungGen      total 242176K, used 7651K [0x00000000d5580000, 0x00000000e9400000, 0x0000000100000000)
  eden space 228864K, 0% used [0x00000000d5580000,0x00000000d5580000,0x00000000e3500000)
  from space 13312K, 57% used [0x00000000e3500000,0x00000000e3c78f50,0x00000000e4200000)
  to   space 13312K, 0% used [0x00000000e8700000,0x00000000e8700000,0x00000000e9400000)
 ParOldGen       total 226304K, used 18020K [0x0000000080000000, 0x000000008dd00000, 0x00000000d5580000)
  object space 226304K, 7% used [0x0000000080000000,0x0000000081199290,0x000000008dd00000)
 Metaspace       used 72112K, capacity 72946K, committed 73048K, reserved 1112064K
  class space    used 10803K, capacity 11060K, committed 11136K, reserved 1048576K
}
Event: 30.237 GC heap before
{Heap before GC invocations=15 (full 3):
 PSYoungGen      total 242176K, used 236515K [0x00000000d5580000, 0x00000000e9400000, 0x0000000100000000)
  eden space 228864K, 100% used [0x00000000d5580000,0x00000000e3500000,0x00000000e3500000)
  from space 13312K, 57% used [0x00000000e3500000,0x00000000e3c78f50,0x00000000e4200000)
  to   space 13312K, 0% used [0x00000000e8700000,0x00000000e8700000,0x00000000e9400000)
 ParOldGen       total 226304K, used 18020K [0x0000000080000000, 0x000000008dd00000, 0x00000000d5580000)
  object space 226304K, 7% used [0x0000000080000000,0x0000000081199290,0x000000008dd00000)
 Metaspace       used 72387K, capacity 73220K, committed 73304K, reserved 1112064K
  class space    used 10811K, capacity 11073K, committed 11136K, reserved 1048576K
Event: 30.242 GC heap after
Heap after GC invocations=15 (full 3):
 PSYoungGen      total 311808K, used 6771K [0x00000000d5580000, 0x00000000e9380000, 0x0000000100000000)
  eden space 299008K, 0% used [0x00000000d5580000,0x00000000d5580000,0x00000000e7980000)
  from space 12800K, 52% used [0x00000000e8700000,0x00000000e8d9ccc0,0x00000000e9380000)
  to   space 13312K, 0% used [0x00000000e7980000,0x00000000e7980000,0x00000000e8680000)
 ParOldGen       total 226304K, used 18028K [0x0000000080000000, 0x000000008dd00000, 0x00000000d5580000)
  object space 226304K, 7% used [0x0000000080000000,0x000000008119b290,0x000000008dd00000)
 Metaspace       used 72387K, capacity 73220K, committed 73304K, reserved 1112064K
  class space    used 10811K, capacity 11073K, committed 11136K, reserved 1048576K
}
Event: 30.619 GC heap before
{Heap before GC invocations=16 (full 3):
 PSYoungGen      total 311808K, used 305779K [0x00000000d5580000, 0x00000000e9380000, 0x0000000100000000)
  eden space 299008K, 100% used [0x00000000d5580000,0x00000000e7980000,0x00000000e7980000)
  from space 12800K, 52% used [0x00000000e8700000,0x00000000e8d9ccc0,0x00000000e9380000)
  to   space 13312K, 0% used [0x00000000e7980000,0x00000000e7980000,0x00000000e8680000)
 ParOldGen       total 226304K, used 18028K [0x0000000080000000, 0x000000008dd00000, 0x00000000d5580000)
  object space 226304K, 7% used [0x0000000080000000,0x000000008119b290,0x000000008dd00000)
 Metaspace       used 73605K, capacity 74448K, committed 74712K, reserved 1112064K
  class space    used 11006K, capacity 11243K, committed 11264K, reserved 1048576K
Event: 30.631 GC heap after
Heap after GC invocations=16 (full 3):
 PSYoungGen      total 312320K, used 13283K [0x00000000d5580000, 0x00000000f2000000, 0x0000000100000000)
  eden space 299008K, 0% used [0x00000000d5580000,0x00000000d5580000,0x00000000e7980000)
  from space 13312K, 99% used [0x00000000e7980000,0x00000000e8678cf0,0x00000000e8680000)
  to   space 32768K, 0% used [0x00000000f0000000,0x00000000f0000000,0x00000000f2000000)
 ParOldGen       total 226304K, used 67777K [0x0000000080000000, 0x000000008dd00000, 0x00000000d5580000)
  object space 226304K, 29% used [0x0000000080000000,0x00000000842307b0,0x000000008dd00000)
 Metaspace       used 73605K, capacity 74448K, committed 74712K, reserved 1112064K
  class space    used 11006K, capacity 11243K, committed 11264K, reserved 1048576K
}
Event: 30.922 GC heap before
{Heap before GC invocations=17 (full 3):
 PSYoungGen      total 312320K, used 312291K [0x00000000d5580000, 0x00000000f2000000, 0x0000000100000000)
  eden space 299008K, 100% used [0x00000000d5580000,0x00000000e7980000,0x00000000e7980000)
  from space 13312K, 99% used [0x00000000e7980000,0x00000000e8678cf0,0x00000000e8680000)
  to   space 32768K, 0% used [0x00000000f0000000,0x00000000f0000000,0x00000000f2000000)
 ParOldGen       total 226304K, used 67777K [0x0000000080000000, 0x000000008dd00000, 0x00000000d5580000)
  object space 226304K, 29% used [0x0000000080000000,0x00000000842307b0,0x000000008dd00000)
 Metaspace       used 73746K, capacity 74598K, committed 74712K, reserved 1112064K
  class space    used 11007K, capacity 11246K, committed 11264K, reserved 1048576K
Event: 30.926 GC heap after
Heap after GC invocations=17 (full 3):
 PSYoungGen      total 432640K, used 4241K [0x00000000d5580000, 0x00000000f1e00000, 0x0000000100000000)
  eden space 401920K, 0% used [0x00000000d5580000,0x00000000d5580000,0x00000000ede00000)
  from space 30720K, 13% used [0x00000000f0000000,0x00000000f04244b0,0x00000000f1e00000)
  to   space 32768K, 0% used [0x00000000ede00000,0x00000000ede00000,0x00000000efe00000)
 ParOldGen       total 226304K, used 71848K [0x0000000080000000, 0x000000008dd00000, 0x00000000d5580000)
  object space 226304K, 31% used [0x0000000080000000,0x000000008462a108,0x000000008dd00000)
 Metaspace       used 73746K, capacity 74598K, committed 74712K, reserved 1112064K
  class space    used 11007K, capacity 11246K, committed 11264K, reserved 1048576K
}
Event: 31.352 GC heap before
{Heap before GC invocations=18 (full 3):
 PSYoungGen      total 432640K, used 406161K [0x00000000d5580000, 0x00000000f1e00000, 0x0000000100000000)
  eden space 401920K, 100% used [0x00000000d5580000,0x00000000ede00000,0x00000000ede00000)
  from space 30720K, 13% used [0x00000000f0000000,0x00000000f04244b0,0x00000000f1e00000)
  to   space 32768K, 0% used [0x00000000ede00000,0x00000000ede00000,0x00000000efe00000)
 ParOldGen       total 226304K, used 71848K [0x0000000080000000, 0x000000008dd00000, 0x00000000d5580000)
  object space 226304K, 31% used [0x0000000080000000,0x000000008462a108,0x000000008dd00000)
 Metaspace       used 73834K, capacity 74694K, committed 74840K, reserved 1112064K
  class space    used 11009K, capacity 11278K, committed 11392K, reserved 1048576K
Event: 31.363 GC heap after
Heap after GC invocations=18 (full 3):
 PSYoungGen      total 434688K, used 32752K [0x00000000d5580000, 0x00000000fc280000, 0x0000000100000000)
  eden space 401920K, 0% used [0x00000000d5580000,0x00000000d5580000,0x00000000ede00000)
  from space 32768K, 99% used [0x00000000ede00000,0x00000000efdfc250,0x00000000efe00000)
  to   space 44032K, 0% used [0x00000000f9780000,0x00000000f9780000,0x00000000fc280000)
 ParOldGen       total 226304K, used 87722K [0x0000000080000000, 0x000000008dd00000, 0x00000000d5580000)
  object space 226304K, 38% used [0x0000000080000000,0x00000000855aa9f0,0x000000008dd00000)
 Metaspace       used 73834K, capacity 74694K, committed 74840K, reserved 1112064K
  class space    used 11009K, capacity 11278K, committed 11392K, reserved 1048576K
}

