# JRE version: Java(TM) SE Runtime Environment (8.0_151-b12) (build 1.8.0_151-b12)
# Java VM: Java HotSpot(TM) 64-Bit Server VM (25.151-b12 mixed mode linux-amd64 compressed oops)
Heap:
 PSYoungGen      total 366592K, used 59998K [0x00000000d5580000, 0x00000000f3880000, 0x0000000100000000)
  eden space 334848K, 9% used [0x00000000d5580000,0x00000000d735f060,0x00000000e9c80000)
  from space 31744K, 92% used [0x00000000e9c80000,0x00000000eb938938,0x00000000ebb80000)
  to   space 35328K, 0% used [0x00000000f1600000,0x00000000f1600000,0x00000000f3880000)
 ParOldGen       total 186880K, used 53036K [0x0000000080000000, 0x000000008b680000, 0x00000000d5580000)
  object space 186880K, 28% used [0x0000000080000000,0x00000000833cb0c8,0x000000008b680000)
 Metaspace       used 78117K, capacity 79328K, committed 79448K, reserved 1116160K
  class space    used 11555K, capacity 11881K, committed 11904K, reserved 1048576K
GC Heap History (10 events):
Event: 14.218 GC heap before
{Heap before GC invocations=12 (full 3):
 PSYoungGen      total 255488K, used 248107K [0x00000000d5580000, 0x00000000e6580000, 0x0000000100000000)
  eden space 238080K, 100% used [0x00000000d5580000,0x00000000e3e00000,0x00000000e3e00000)
  from space 17408K, 57% used [0x00000000e4e80000,0x00000000e584ae00,0x00000000e5f80000)
  to   space 16896K, 0% used [0x00000000e3e00000,0x00000000e3e00000,0x00000000e4e80000)
 ParOldGen       total 186880K, used 24376K [0x0000000080000000, 0x000000008b680000, 0x00000000d5580000)
  object space 186880K, 13% used [0x0000000080000000,0x00000000817ce3b8,0x000000008b680000)
 Metaspace       used 71681K, capacity 72422K, committed 72664K, reserved 1112064K
  class space    used 10702K, capacity 10920K, committed 11008K, reserved 1048576K
Event: 14.232 GC heap after
Heap after GC invocations=12 (full 3):
 PSYoungGen      total 254976K, used 15880K [0x00000000d5580000, 0x00000000e8f00000, 0x0000000100000000)
  eden space 238080K, 0% used [0x00000000d5580000,0x00000000d5580000,0x00000000e3e00000)
  from space 16896K, 93% used [0x00000000e3e00000,0x00000000e4d822d0,0x00000000e4e80000)
  to   space 18432K, 0% used [0x00000000e7d00000,0x00000000e7d00000,0x00000000e8f00000)
 ParOldGen       total 186880K, used 24376K [0x0000000080000000, 0x000000008b680000, 0x00000000d5580000)
  object space 186880K, 13% used [0x0000000080000000,0x00000000817ce3b8,0x000000008b680000)
 Metaspace       used 71681K, capacity 72422K, committed 72664K, reserved 1112064K
  class space    used 10702K, capacity 10920K, committed 11008K, reserved 1048576K
}
Event: 15.502 GC heap before
{Heap before GC invocations=13 (full 3):
 PSYoungGen      total 254976K, used 253960K [0x00000000d5580000, 0x00000000e8f00000, 0x0000000100000000)
  eden space 238080K, 100% used [0x00000000d5580000,0x00000000e3e00000,0x00000000e3e00000)
  from space 16896K, 93% used [0x00000000e3e00000,0x00000000e4d822d0,0x00000000e4e80000)
  to   space 18432K, 0% used [0x00000000e7d00000,0x00000000e7d00000,0x00000000e8f00000)
 ParOldGen       total 186880K, used 24376K [0x0000000080000000, 0x000000008b680000, 0x00000000d5580000)
  object space 186880K, 13% used [0x0000000080000000,0x00000000817ce3b8,0x000000008b680000)
 Metaspace       used 74874K, capacity 75796K, committed 75864K, reserved 1114112K
  class space    used 11101K, capacity 11385K, committed 11392K, reserved 1048576K
Event: 15.519 GC heap after
Heap after GC invocations=13 (full 3):
 PSYoungGen      total 301568K, used 11868K [0x00000000d5580000, 0x00000000e8e00000, 0x0000000100000000)
  eden space 284160K, 0% used [0x00000000d5580000,0x00000000d5580000,0x00000000e6b00000)
  from space 17408K, 68% used [0x00000000e7d00000,0x00000000e8897040,0x00000000e8e00000)
  to   space 17920K, 0% used [0x00000000e6b00000,0x00000000e6b00000,0x00000000e7c80000)
 ParOldGen       total 186880K, used 24376K [0x0000000080000000, 0x000000008b680000, 0x00000000d5580000)
  object space 186880K, 13% used [0x0000000080000000,0x00000000817ce3b8,0x000000008b680000)
 Metaspace       used 74874K, capacity 75796K, committed 75864K, reserved 1114112K
  class space    used 11101K, capacity 11385K, committed 11392K, reserved 1048576K
}
Event: 17.099 GC heap before
{Heap before GC invocations=14 (full 3):
 PSYoungGen      total 301568K, used 296028K [0x00000000d5580000, 0x00000000e8e00000, 0x0000000100000000)
  eden space 284160K, 100% used [0x00000000d5580000,0x00000000e6b00000,0x00000000e6b00000)
  from space 17408K, 68% used [0x00000000e7d00000,0x00000000e8897040,0x00000000e8e00000)
  to   space 17920K, 0% used [0x00000000e6b00000,0x00000000e6b00000,0x00000000e7c80000)
 ParOldGen       total 186880K, used 24376K [0x0000000080000000, 0x000000008b680000, 0x00000000d5580000)
  object space 186880K, 13% used [0x0000000080000000,0x00000000817ce3b8,0x000000008b680000)
 Metaspace       used 76409K, capacity 77470K, committed 77656K, reserved 1116160K
  class space    used 11339K, capacity 11633K, committed 11648K, reserved 1048576K
Event: 17.126 GC heap after
Heap after GC invocations=14 (full 3):
 PSYoungGen      total 302080K, used 17919K [0x00000000d5580000, 0x00000000ed380000, 0x0000000100000000)
  eden space 284160K, 0% used [0x00000000d5580000,0x00000000d5580000,0x00000000e6b00000)
  from space 17920K, 99% used [0x00000000e6b00000,0x00000000e7c7fce8,0x00000000e7c80000)
  to   space 24576K, 0% used [0x00000000ebb80000,0x00000000ebb80000,0x00000000ed380000)
 ParOldGen       total 186880K, used 36984K [0x0000000080000000, 0x000000008b680000, 0x00000000d5580000)
  object space 186880K, 19% used [0x0000000080000000,0x000000008241e300,0x000000008b680000)
 Metaspace       used 76409K, capacity 77470K, committed 77656K, reserved 1116160K
  class space    used 11339K, capacity 11633K, committed 11648K, reserved 1048576K
}
Event: 18.274 GC heap before
{Heap before GC invocations=15 (full 3):
 PSYoungGen      total 302080K, used 298620K [0x00000000d5580000, 0x00000000ed380000, 0x0000000100000000)
  eden space 284160K, 98% used [0x00000000d5580000,0x00000000e679f6b8,0x00000000e6b00000)
  from space 17920K, 99% used [0x00000000e6b00000,0x00000000e7c7fce8,0x00000000e7c80000)
  to   space 24576K, 0% used [0x00000000ebb80000,0x00000000ebb80000,0x00000000ed380000)
 ParOldGen       total 186880K, used 36984K [0x0000000080000000, 0x000000008b680000, 0x00000000d5580000)
  object space 186880K, 19% used [0x0000000080000000,0x000000008241e300,0x000000008b680000)
 Metaspace       used 77125K, capacity 78256K, committed 78296K, reserved 1116160K
  class space    used 11438K, capacity 11748K, committed 11776K, reserved 1048576K
Event: 18.313 GC heap after
Heap after GC invocations=15 (full 3):
 PSYoungGen      total 359424K, used 24563K [0x00000000d5580000, 0x00000000eed80000, 0x0000000100000000)
  eden space 334848K, 0% used [0x00000000d5580000,0x00000000d5580000,0x00000000e9c80000)
  from space 24576K, 99% used [0x00000000ebb80000,0x00000000ed37cf98,0x00000000ed380000)
  to   space 31744K, 0% used [0x00000000e9c80000,0x00000000e9c80000,0x00000000ebb80000)
 ParOldGen       total 186880K, used 48940K [0x0000000080000000, 0x000000008b680000, 0x00000000d5580000)
  object space 186880K, 26% used [0x0000000080000000,0x0000000082fcb0b8,0x000000008b680000)
 Metaspace       used 77125K, capacity 78256K, committed 78296K, reserved 1116160K
  class space    used 11438K, capacity 11748K, committed 11776K, reserved 1048576K
}
Event: 19.200 GC heap before
{Heap before GC invocations=16 (full 3):
 PSYoungGen      total 359424K, used 359411K [0x00000000d5580000, 0x00000000eed80000, 0x0000000100000000)
  eden space 334848K, 100% used [0x00000000d5580000,0x00000000e9c80000,0x00000000e9c80000)
  from space 24576K, 99% used [0x00000000ebb80000,0x00000000ed37cf98,0x00000000ed380000)
  to   space 31744K, 0% used [0x00000000e9c80000,0x00000000e9c80000,0x00000000ebb80000)
 ParOldGen       total 186880K, used 48940K [0x0000000080000000, 0x000000008b680000, 0x00000000d5580000)
  object space 186880K, 26% used [0x0000000080000000,0x0000000082fcb0b8,0x000000008b680000)
 Metaspace       used 77965K, capacity 79188K, committed 79448K, reserved 1116160K
  class space    used 11539K, capacity 11879K, committed 11904K, reserved 1048576K
Event: 19.227 GC heap after
Heap after GC invocations=16 (full 3):
 PSYoungGen      total 366592K, used 29410K [0x00000000d5580000, 0x00000000f3880000, 0x0000000100000000)
  eden space 334848K, 0% used [0x00000000d5580000,0x00000000d5580000,0x00000000e9c80000)
  from space 31744K, 92% used [0x00000000e9c80000,0x00000000eb938938,0x00000000ebb80000)
  to   space 35328K, 0% used [0x00000000f1600000,0x00000000f1600000,0x00000000f3880000)
 ParOldGen       total 186880K, used 53036K [0x0000000080000000, 0x000000008b680000, 0x00000000d5580000)
  object space 186880K, 28% used [0x0000000080000000,0x00000000833cb0c8,0x000000008b680000)
 Metaspace       used 77965K, capacity 79188K, committed 79448K, reserved 1116160K
  class space    used 11539K, capacity 11879K, committed 11904K, reserved 1048576K
}

